<?xml version="1.0" encoding="UTF-8"?>
<!-- Generated by org.testng.reporters.JUnitReportReporter -->
<testsuite skipped="0" hostname="DESKTOP-S9G6HM0" name="test.TestNgDemo" tests="1" failures="0" timestamp="26 Apr 2021 18:19:13 GMT" time="31.098" errors="0">
  <testcase name="nexcharWebsite" time="31.098" classname="test.TestNgDemo"/>
</testsuite> <!-- test.TestNgDemo -->
